<?xml version="1.0" encoding="UTF-8"?>
<!-- Generated by org.testng.reporters.JUnitReportReporter -->
<testsuite hostname="DESKTOP-CSVFDDF" failures="0" tests="3" name="com.vtiger.tests.LoginTest" time="12.851" errors="0" timestamp="2023-05-03T12:34:02 IST" skipped="0">
  <testcase classname="com.vtiger.tests.LoginTest" name="InvalidLoginTC01" time="3.097"/>
  <testcase classname="com.vtiger.tests.LoginTest" name="verifyLogoTC03" time="0.293"/>
  <testcase classname="com.vtiger.tests.LoginTest" name="validLoginTC02" time="9.461"/>
</testsuite> <!-- com.vtiger.tests.LoginTest -->
